[0.008s] Invoking command in '/home/parallels/workspaces/assignment_ws/src/robotics_software_engineer/module_2_assignment/src/build/drive_mobile_robot_as2': CMAKE_PREFIX_PATH=${CMAKE_PREFIX_PATH}:/home/parallels/workspaces/mydemo_ws/install/turtlebot3_example:/opt/ros/humble /usr/bin/cmake --build /home/parallels/workspaces/assignment_ws/src/robotics_software_engineer/module_2_assignment/src/build/drive_mobile_robot_as2 -- -j2 -l2
[0.040s] [ 20%] Built target logarithmic_spiral
[0.045s] [ 40%] Built target follow_circle
[0.054s] [ 60%] Built target spawn_five_turtle
[0.055s] [35m[1mConsolidate compiler generated dependencies of target rotate[0m
[0.060s] [35m[1mConsolidate compiler generated dependencies of target speed_turtle[0m
[0.071s] [ 80%] Built target speed_turtle
[0.073s] [100%] Built target rotate
[0.078s] Invoked command in '/home/parallels/workspaces/assignment_ws/src/robotics_software_engineer/module_2_assignment/src/build/drive_mobile_robot_as2' returned '0': CMAKE_PREFIX_PATH=${CMAKE_PREFIX_PATH}:/home/parallels/workspaces/mydemo_ws/install/turtlebot3_example:/opt/ros/humble /usr/bin/cmake --build /home/parallels/workspaces/assignment_ws/src/robotics_software_engineer/module_2_assignment/src/build/drive_mobile_robot_as2 -- -j2 -l2
[0.096s] Invoking command in '/home/parallels/workspaces/assignment_ws/src/robotics_software_engineer/module_2_assignment/src/build/drive_mobile_robot_as2': CMAKE_PREFIX_PATH=${CMAKE_PREFIX_PATH}:/home/parallels/workspaces/mydemo_ws/install/turtlebot3_example:/opt/ros/humble /usr/bin/cmake --install /home/parallels/workspaces/assignment_ws/src/robotics_software_engineer/module_2_assignment/src/build/drive_mobile_robot_as2
[0.103s] -- Install configuration: ""
[0.104s] -- Up-to-date: /home/parallels/workspaces/assignment_ws/src/robotics_software_engineer/module_2_assignment/src/install/drive_mobile_robot_as2/lib/drive_mobile_robot_as2/follow_circle
[0.105s] -- Up-to-date: /home/parallels/workspaces/assignment_ws/src/robotics_software_engineer/module_2_assignment/src/install/drive_mobile_robot_as2/lib/drive_mobile_robot_as2/logarithmic_spiral
[0.105s] -- Up-to-date: /home/parallels/workspaces/assignment_ws/src/robotics_software_engineer/module_2_assignment/src/install/drive_mobile_robot_as2/lib/drive_mobile_robot_as2/spawn_five_turtle
[0.106s] -- Up-to-date: /home/parallels/workspaces/assignment_ws/src/robotics_software_engineer/module_2_assignment/src/install/drive_mobile_robot_as2/lib/drive_mobile_robot_as2/rotate
[0.106s] -- Up-to-date: /home/parallels/workspaces/assignment_ws/src/robotics_software_engineer/module_2_assignment/src/install/drive_mobile_robot_as2/lib/drive_mobile_robot_as2/speed_turtle
[0.106s] -- Up-to-date: /home/parallels/workspaces/assignment_ws/src/robotics_software_engineer/module_2_assignment/src/install/drive_mobile_robot_as2/share/drive_mobile_robot_as2/launch
[0.109s] -- Up-to-date: /home/parallels/workspaces/assignment_ws/src/robotics_software_engineer/module_2_assignment/src/install/drive_mobile_robot_as2/share/drive_mobile_robot_as2/launch/follow_circle.launch.py
[0.109s] -- Installing: /home/parallels/workspaces/assignment_ws/src/robotics_software_engineer/module_2_assignment/src/install/drive_mobile_robot_as2/share/drive_mobile_robot_as2/launch/diagonal_speed.launch.py
[0.109s] -- Up-to-date: /home/parallels/workspaces/assignment_ws/src/robotics_software_engineer/module_2_assignment/src/install/drive_mobile_robot_as2/share/drive_mobile_robot_as2/launch/logarithmic_spiral.launch.py
[0.109s] -- Up-to-date: /home/parallels/workspaces/assignment_ws/src/robotics_software_engineer/module_2_assignment/src/install/drive_mobile_robot_as2/share/drive_mobile_robot_as2/launch/spawn_diagonal.launch.py
[0.109s] -- Up-to-date: /home/parallels/workspaces/assignment_ws/src/robotics_software_engineer/module_2_assignment/src/install/drive_mobile_robot_as2/share/ament_index/resource_index/package_run_dependencies/drive_mobile_robot_as2
[0.109s] -- Up-to-date: /home/parallels/workspaces/assignment_ws/src/robotics_software_engineer/module_2_assignment/src/install/drive_mobile_robot_as2/share/ament_index/resource_index/parent_prefix_path/drive_mobile_robot_as2
[0.109s] -- Up-to-date: /home/parallels/workspaces/assignment_ws/src/robotics_software_engineer/module_2_assignment/src/install/drive_mobile_robot_as2/share/drive_mobile_robot_as2/environment/ament_prefix_path.sh
[0.109s] -- Up-to-date: /home/parallels/workspaces/assignment_ws/src/robotics_software_engineer/module_2_assignment/src/install/drive_mobile_robot_as2/share/drive_mobile_robot_as2/environment/ament_prefix_path.dsv
[0.109s] -- Up-to-date: /home/parallels/workspaces/assignment_ws/src/robotics_software_engineer/module_2_assignment/src/install/drive_mobile_robot_as2/share/drive_mobile_robot_as2/environment/path.sh
[0.109s] -- Up-to-date: /home/parallels/workspaces/assignment_ws/src/robotics_software_engineer/module_2_assignment/src/install/drive_mobile_robot_as2/share/drive_mobile_robot_as2/environment/path.dsv
[0.110s] -- Up-to-date: /home/parallels/workspaces/assignment_ws/src/robotics_software_engineer/module_2_assignment/src/install/drive_mobile_robot_as2/share/drive_mobile_robot_as2/local_setup.bash
[0.110s] -- Up-to-date: /home/parallels/workspaces/assignment_ws/src/robotics_software_engineer/module_2_assignment/src/install/drive_mobile_robot_as2/share/drive_mobile_robot_as2/local_setup.sh
[0.110s] -- Up-to-date: /home/parallels/workspaces/assignment_ws/src/robotics_software_engineer/module_2_assignment/src/install/drive_mobile_robot_as2/share/drive_mobile_robot_as2/local_setup.zsh
[0.113s] -- Up-to-date: /home/parallels/workspaces/assignment_ws/src/robotics_software_engineer/module_2_assignment/src/install/drive_mobile_robot_as2/share/drive_mobile_robot_as2/local_setup.dsv
[0.114s] -- Installing: /home/parallels/workspaces/assignment_ws/src/robotics_software_engineer/module_2_assignment/src/install/drive_mobile_robot_as2/share/drive_mobile_robot_as2/package.dsv
[0.114s] -- Up-to-date: /home/parallels/workspaces/assignment_ws/src/robotics_software_engineer/module_2_assignment/src/install/drive_mobile_robot_as2/share/ament_index/resource_index/packages/drive_mobile_robot_as2
[0.114s] -- Up-to-date: /home/parallels/workspaces/assignment_ws/src/robotics_software_engineer/module_2_assignment/src/install/drive_mobile_robot_as2/share/drive_mobile_robot_as2/cmake/drive_mobile_robot_as2Config.cmake
[0.114s] -- Up-to-date: /home/parallels/workspaces/assignment_ws/src/robotics_software_engineer/module_2_assignment/src/install/drive_mobile_robot_as2/share/drive_mobile_robot_as2/cmake/drive_mobile_robot_as2Config-version.cmake
[0.114s] -- Up-to-date: /home/parallels/workspaces/assignment_ws/src/robotics_software_engineer/module_2_assignment/src/install/drive_mobile_robot_as2/share/drive_mobile_robot_as2/package.xml
[0.114s] Invoked command in '/home/parallels/workspaces/assignment_ws/src/robotics_software_engineer/module_2_assignment/src/build/drive_mobile_robot_as2' returned '0': CMAKE_PREFIX_PATH=${CMAKE_PREFIX_PATH}:/home/parallels/workspaces/mydemo_ws/install/turtlebot3_example:/opt/ros/humble /usr/bin/cmake --install /home/parallels/workspaces/assignment_ws/src/robotics_software_engineer/module_2_assignment/src/build/drive_mobile_robot_as2
