[0.138s] DEBUG:colcon:Command line arguments: ['/home/parallels/.local/bin/colcon', 'build']
[0.138s] DEBUG:colcon:Parsed command line arguments: Namespace(log_base=None, log_level=None, verb_name='build', build_base='build', install_base='install', merge_install=False, symlink_install=False, test_result_base=None, continue_on_error=False, executor='parallel', parallel_workers=2, event_handlers=None, ignore_user_meta=False, metas=['./colcon.meta'], base_paths=['.'], packages_ignore=None, packages_ignore_regex=None, paths=None, packages_up_to=None, packages_up_to_regex=None, packages_above=None, packages_above_and_dependencies=None, packages_above_depth=None, packages_select_by_dep=None, packages_skip_by_dep=None, packages_skip_up_to=None, packages_select_build_failed=False, packages_skip_build_finished=False, packages_select_test_failures=False, packages_skip_test_passed=False, packages_select=None, packages_skip=None, packages_select_regex=None, packages_skip_regex=None, packages_start=None, packages_end=None, allow_overriding=[], cmake_args=None, cmake_target=None, cmake_target_skip_unavailable=False, cmake_clean_cache=False, cmake_clean_first=False, cmake_force_configure=False, ament_cmake_args=None, catkin_cmake_args=None, catkin_skip_building_tests=False, verb_parser=<colcon_defaults.argument_parser.defaults.DefaultArgumentsDecorator object at 0xffffa9a761a0>, verb_extension=<colcon_core.verb.build.BuildVerb object at 0xffffa9b7ee60>, main=<bound method BuildVerb.main of <colcon_core.verb.build.BuildVerb object at 0xffffa9b7ee60>>)
[0.292s] Level 1:colcon.colcon_core.package_discovery:discover_packages(colcon_meta) check parameters
[0.293s] Level 1:colcon.colcon_core.package_discovery:discover_packages(recursive) check parameters
[0.293s] Level 1:colcon.colcon_core.package_discovery:discover_packages(ignore) check parameters
[0.293s] Level 1:colcon.colcon_core.package_discovery:discover_packages(path) check parameters
[0.293s] Level 1:colcon.colcon_core.package_discovery:discover_packages(colcon_meta) discover
[0.293s] Level 1:colcon.colcon_core.package_discovery:discover_packages(recursive) discover
[0.293s] INFO:colcon.colcon_core.package_discovery:Crawling recursively for packages in '/home/parallels/workspaces/assignment_ws/src/robotics_software_engineer/module_2_assignment/src/drive_mobile_robot_as2'
[0.293s] Level 1:colcon.colcon_core.package_identification:_identify(.) by extensions ['ignore', 'ignore_ament_install']
[0.293s] Level 1:colcon.colcon_core.package_identification:_identify(.) by extension 'ignore'
[0.293s] Level 1:colcon.colcon_core.package_identification:_identify(.) by extension 'ignore_ament_install'
[0.293s] Level 1:colcon.colcon_core.package_identification:_identify(.) by extensions ['colcon_pkg']
[0.293s] Level 1:colcon.colcon_core.package_identification:_identify(.) by extension 'colcon_pkg'
[0.293s] Level 1:colcon.colcon_core.package_identification:_identify(.) by extensions ['colcon_meta']
[0.293s] Level 1:colcon.colcon_core.package_identification:_identify(.) by extension 'colcon_meta'
[0.293s] Level 1:colcon.colcon_core.package_identification:_identify(.) by extensions ['ros']
[0.293s] Level 1:colcon.colcon_core.package_identification:_identify(.) by extension 'ros'
[0.302s] DEBUG:colcon.colcon_core.package_identification:Package '.' with type 'ros.ament_cmake' and name 'drive_mobile_robot_as2'
[0.302s] Level 1:colcon.colcon_core.package_discovery:discover_packages(recursive) using defaults
[0.302s] Level 1:colcon.colcon_core.package_discovery:discover_packages(ignore) discover
[0.302s] Level 1:colcon.colcon_core.package_discovery:discover_packages(ignore) using defaults
[0.302s] Level 1:colcon.colcon_core.package_discovery:discover_packages(path) discover
[0.302s] Level 1:colcon.colcon_core.package_discovery:discover_packages(path) using defaults
[0.319s] Level 1:colcon.colcon_core.package_discovery:discover_packages(prefix_path) check parameters
[0.319s] Level 1:colcon.colcon_core.package_discovery:discover_packages(prefix_path) discover
[0.321s] DEBUG:colcon.colcon_installed_package_information.package_discovery:Found 1 installed packages in /home/parallels/workspaces/assignment_ws/src/robotics_software_engineer/module_2_assignment/src/install
[0.321s] DEBUG:colcon.colcon_installed_package_information.package_discovery:Found 6 installed packages in /home/parallels/workspaces/mydemo_ws/install
[0.322s] DEBUG:colcon.colcon_installed_package_information.package_discovery:Found 2 installed packages in /home/parallels/workspaces/cppbasics_ws/src/install
[0.322s] DEBUG:colcon.colcon_installed_package_information.package_discovery:Found 351 installed packages in /opt/ros/humble
[0.323s] Level 1:colcon.colcon_core.package_discovery:discover_packages(prefix_path) using defaults
[0.358s] Level 5:colcon.colcon_core.verb:set package 'drive_mobile_robot_as2' build argument 'cmake_args' from command line to 'None'
[0.358s] Level 5:colcon.colcon_core.verb:set package 'drive_mobile_robot_as2' build argument 'cmake_target' from command line to 'None'
[0.358s] Level 5:colcon.colcon_core.verb:set package 'drive_mobile_robot_as2' build argument 'cmake_target_skip_unavailable' from command line to 'False'
[0.358s] Level 5:colcon.colcon_core.verb:set package 'drive_mobile_robot_as2' build argument 'cmake_clean_cache' from command line to 'False'
[0.358s] Level 5:colcon.colcon_core.verb:set package 'drive_mobile_robot_as2' build argument 'cmake_clean_first' from command line to 'False'
[0.358s] Level 5:colcon.colcon_core.verb:set package 'drive_mobile_robot_as2' build argument 'cmake_force_configure' from command line to 'False'
[0.358s] Level 5:colcon.colcon_core.verb:set package 'drive_mobile_robot_as2' build argument 'ament_cmake_args' from command line to 'None'
[0.358s] Level 5:colcon.colcon_core.verb:set package 'drive_mobile_robot_as2' build argument 'catkin_cmake_args' from command line to 'None'
[0.358s] Level 5:colcon.colcon_core.verb:set package 'drive_mobile_robot_as2' build argument 'catkin_skip_building_tests' from command line to 'False'
[0.358s] DEBUG:colcon.colcon_core.verb:Building package 'drive_mobile_robot_as2' with the following arguments: {'ament_cmake_args': None, 'build_base': '/home/parallels/workspaces/assignment_ws/src/robotics_software_engineer/module_2_assignment/src/drive_mobile_robot_as2/build/drive_mobile_robot_as2', 'catkin_cmake_args': None, 'catkin_skip_building_tests': False, 'cmake_args': None, 'cmake_clean_cache': False, 'cmake_clean_first': False, 'cmake_force_configure': False, 'cmake_target': None, 'cmake_target_skip_unavailable': False, 'install_base': '/home/parallels/workspaces/assignment_ws/src/robotics_software_engineer/module_2_assignment/src/drive_mobile_robot_as2/install/drive_mobile_robot_as2', 'merge_install': False, 'path': '/home/parallels/workspaces/assignment_ws/src/robotics_software_engineer/module_2_assignment/src/drive_mobile_robot_as2', 'symlink_install': False, 'test_result_base': None}
[0.358s] INFO:colcon.colcon_core.executor:Executing jobs using 'parallel' executor
[0.358s] DEBUG:colcon.colcon_parallel_executor.executor.parallel:run_until_complete
[0.358s] INFO:colcon.colcon_ros.task.ament_cmake.build:Building ROS package in '/home/parallels/workspaces/assignment_ws/src/robotics_software_engineer/module_2_assignment/src/drive_mobile_robot_as2' with build type 'ament_cmake'
[0.358s] INFO:colcon.colcon_cmake.task.cmake.build:Building CMake package in '/home/parallels/workspaces/assignment_ws/src/robotics_software_engineer/module_2_assignment/src/drive_mobile_robot_as2'
[0.361s] INFO:colcon.colcon_core.plugin_system:Skipping extension 'colcon_core.shell.bat': Not used on non-Windows systems
[0.361s] INFO:colcon.colcon_core.shell:Skip shell extension 'powershell' for command environment: Not usable outside of PowerShell
[0.361s] DEBUG:colcon.colcon_core.shell:Skip shell extension 'dsv' for command environment
[0.366s] DEBUG:colcon.colcon_core.event_handler.log_command:Invoking command in '/home/parallels/workspaces/assignment_ws/src/robotics_software_engineer/module_2_assignment/src/drive_mobile_robot_as2/build/drive_mobile_robot_as2': CMAKE_PREFIX_PATH=${CMAKE_PREFIX_PATH}:/home/parallels/workspaces/mydemo_ws/install/turtlebot3_example:/opt/ros/humble /usr/bin/cmake /home/parallels/workspaces/assignment_ws/src/robotics_software_engineer/module_2_assignment/src/drive_mobile_robot_as2 -DCMAKE_INSTALL_PREFIX=/home/parallels/workspaces/assignment_ws/src/robotics_software_engineer/module_2_assignment/src/drive_mobile_robot_as2/install/drive_mobile_robot_as2
[1.332s] DEBUG:colcon.colcon_core.event_handler.log_command:Invoked command in '/home/parallels/workspaces/assignment_ws/src/robotics_software_engineer/module_2_assignment/src/drive_mobile_robot_as2/build/drive_mobile_robot_as2' returned '0': CMAKE_PREFIX_PATH=${CMAKE_PREFIX_PATH}:/home/parallels/workspaces/mydemo_ws/install/turtlebot3_example:/opt/ros/humble /usr/bin/cmake /home/parallels/workspaces/assignment_ws/src/robotics_software_engineer/module_2_assignment/src/drive_mobile_robot_as2 -DCMAKE_INSTALL_PREFIX=/home/parallels/workspaces/assignment_ws/src/robotics_software_engineer/module_2_assignment/src/drive_mobile_robot_as2/install/drive_mobile_robot_as2
[1.333s] DEBUG:colcon.colcon_core.event_handler.log_command:Invoking command in '/home/parallels/workspaces/assignment_ws/src/robotics_software_engineer/module_2_assignment/src/drive_mobile_robot_as2/build/drive_mobile_robot_as2': CMAKE_PREFIX_PATH=${CMAKE_PREFIX_PATH}:/home/parallels/workspaces/mydemo_ws/install/turtlebot3_example:/opt/ros/humble /usr/bin/cmake --build /home/parallels/workspaces/assignment_ws/src/robotics_software_engineer/module_2_assignment/src/drive_mobile_robot_as2/build/drive_mobile_robot_as2 -- -j2 -l2
[4.781s] DEBUG:colcon.colcon_core.event_handler.log_command:Invoked command in '/home/parallels/workspaces/assignment_ws/src/robotics_software_engineer/module_2_assignment/src/drive_mobile_robot_as2/build/drive_mobile_robot_as2' returned '0': CMAKE_PREFIX_PATH=${CMAKE_PREFIX_PATH}:/home/parallels/workspaces/mydemo_ws/install/turtlebot3_example:/opt/ros/humble /usr/bin/cmake --build /home/parallels/workspaces/assignment_ws/src/robotics_software_engineer/module_2_assignment/src/drive_mobile_robot_as2/build/drive_mobile_robot_as2 -- -j2 -l2
[4.840s] DEBUG:colcon.colcon_core.event_handler.log_command:Invoking command in '/home/parallels/workspaces/assignment_ws/src/robotics_software_engineer/module_2_assignment/src/drive_mobile_robot_as2/build/drive_mobile_robot_as2': CMAKE_PREFIX_PATH=${CMAKE_PREFIX_PATH}:/home/parallels/workspaces/mydemo_ws/install/turtlebot3_example:/opt/ros/humble /usr/bin/cmake --install /home/parallels/workspaces/assignment_ws/src/robotics_software_engineer/module_2_assignment/src/drive_mobile_robot_as2/build/drive_mobile_robot_as2
[4.870s] Level 1:colcon.colcon_core.environment:create_environment_scripts_only(drive_mobile_robot_as2)
[4.874s] DEBUG:colcon.colcon_core.event_handler.log_command:Invoked command in '/home/parallels/workspaces/assignment_ws/src/robotics_software_engineer/module_2_assignment/src/drive_mobile_robot_as2/build/drive_mobile_robot_as2' returned '0': CMAKE_PREFIX_PATH=${CMAKE_PREFIX_PATH}:/home/parallels/workspaces/mydemo_ws/install/turtlebot3_example:/opt/ros/humble /usr/bin/cmake --install /home/parallels/workspaces/assignment_ws/src/robotics_software_engineer/module_2_assignment/src/drive_mobile_robot_as2/build/drive_mobile_robot_as2
[4.894s] Level 1:colcon.colcon_core.environment:checking '/home/parallels/workspaces/assignment_ws/src/robotics_software_engineer/module_2_assignment/src/drive_mobile_robot_as2/install/drive_mobile_robot_as2' for CMake module files
[4.896s] Level 1:colcon.colcon_core.environment:checking '/home/parallels/workspaces/assignment_ws/src/robotics_software_engineer/module_2_assignment/src/drive_mobile_robot_as2/install/drive_mobile_robot_as2' for CMake config files
[4.897s] Level 1:colcon.colcon_core.shell:create_environment_hook('drive_mobile_robot_as2', 'cmake_prefix_path')
[4.897s] INFO:colcon.colcon_core.shell:Creating environment hook '/home/parallels/workspaces/assignment_ws/src/robotics_software_engineer/module_2_assignment/src/drive_mobile_robot_as2/install/drive_mobile_robot_as2/share/drive_mobile_robot_as2/hook/cmake_prefix_path.ps1'
[4.903s] INFO:colcon.colcon_core.shell:Creating environment descriptor '/home/parallels/workspaces/assignment_ws/src/robotics_software_engineer/module_2_assignment/src/drive_mobile_robot_as2/install/drive_mobile_robot_as2/share/drive_mobile_robot_as2/hook/cmake_prefix_path.dsv'
[4.904s] INFO:colcon.colcon_core.shell:Creating environment hook '/home/parallels/workspaces/assignment_ws/src/robotics_software_engineer/module_2_assignment/src/drive_mobile_robot_as2/install/drive_mobile_robot_as2/share/drive_mobile_robot_as2/hook/cmake_prefix_path.sh'
[4.908s] Level 1:colcon.colcon_core.environment:checking '/home/parallels/workspaces/assignment_ws/src/robotics_software_engineer/module_2_assignment/src/drive_mobile_robot_as2/install/drive_mobile_robot_as2/lib'
[4.908s] Level 1:colcon.colcon_core.environment:checking '/home/parallels/workspaces/assignment_ws/src/robotics_software_engineer/module_2_assignment/src/drive_mobile_robot_as2/install/drive_mobile_robot_as2/bin'
[4.908s] Level 1:colcon.colcon_core.environment:checking '/home/parallels/workspaces/assignment_ws/src/robotics_software_engineer/module_2_assignment/src/drive_mobile_robot_as2/install/drive_mobile_robot_as2/lib/pkgconfig/drive_mobile_robot_as2.pc'
[4.914s] Level 1:colcon.colcon_core.environment:checking '/home/parallels/workspaces/assignment_ws/src/robotics_software_engineer/module_2_assignment/src/drive_mobile_robot_as2/install/drive_mobile_robot_as2/lib/python3.10/site-packages'
[4.915s] Level 1:colcon.colcon_core.environment:checking '/home/parallels/workspaces/assignment_ws/src/robotics_software_engineer/module_2_assignment/src/drive_mobile_robot_as2/install/drive_mobile_robot_as2/bin'
[4.915s] INFO:colcon.colcon_core.shell:Creating package script '/home/parallels/workspaces/assignment_ws/src/robotics_software_engineer/module_2_assignment/src/drive_mobile_robot_as2/install/drive_mobile_robot_as2/share/drive_mobile_robot_as2/package.ps1'
[4.916s] INFO:colcon.colcon_core.shell:Creating package descriptor '/home/parallels/workspaces/assignment_ws/src/robotics_software_engineer/module_2_assignment/src/drive_mobile_robot_as2/install/drive_mobile_robot_as2/share/drive_mobile_robot_as2/package.dsv'
[4.917s] INFO:colcon.colcon_core.shell:Creating package script '/home/parallels/workspaces/assignment_ws/src/robotics_software_engineer/module_2_assignment/src/drive_mobile_robot_as2/install/drive_mobile_robot_as2/share/drive_mobile_robot_as2/package.sh'
[4.918s] INFO:colcon.colcon_core.shell:Creating package script '/home/parallels/workspaces/assignment_ws/src/robotics_software_engineer/module_2_assignment/src/drive_mobile_robot_as2/install/drive_mobile_robot_as2/share/drive_mobile_robot_as2/package.bash'
[4.920s] INFO:colcon.colcon_core.shell:Creating package script '/home/parallels/workspaces/assignment_ws/src/robotics_software_engineer/module_2_assignment/src/drive_mobile_robot_as2/install/drive_mobile_robot_as2/share/drive_mobile_robot_as2/package.zsh'
[4.921s] Level 1:colcon.colcon_core.environment:create_file_with_runtime_dependencies(/home/parallels/workspaces/assignment_ws/src/robotics_software_engineer/module_2_assignment/src/drive_mobile_robot_as2/install/drive_mobile_robot_as2/share/colcon-core/packages/drive_mobile_robot_as2)
[4.949s] Level 1:colcon.colcon_core.environment:create_environment_scripts_only(drive_mobile_robot_as2)
[4.951s] Level 1:colcon.colcon_core.environment:checking '/home/parallels/workspaces/assignment_ws/src/robotics_software_engineer/module_2_assignment/src/drive_mobile_robot_as2/install/drive_mobile_robot_as2' for CMake module files
[4.951s] Level 1:colcon.colcon_core.environment:checking '/home/parallels/workspaces/assignment_ws/src/robotics_software_engineer/module_2_assignment/src/drive_mobile_robot_as2/install/drive_mobile_robot_as2' for CMake config files
[4.952s] Level 1:colcon.colcon_core.shell:create_environment_hook('drive_mobile_robot_as2', 'cmake_prefix_path')
[4.952s] INFO:colcon.colcon_core.shell:Creating environment hook '/home/parallels/workspaces/assignment_ws/src/robotics_software_engineer/module_2_assignment/src/drive_mobile_robot_as2/install/drive_mobile_robot_as2/share/drive_mobile_robot_as2/hook/cmake_prefix_path.ps1'
[4.952s] INFO:colcon.colcon_core.shell:Creating environment descriptor '/home/parallels/workspaces/assignment_ws/src/robotics_software_engineer/module_2_assignment/src/drive_mobile_robot_as2/install/drive_mobile_robot_as2/share/drive_mobile_robot_as2/hook/cmake_prefix_path.dsv'
[4.952s] INFO:colcon.colcon_core.shell:Creating environment hook '/home/parallels/workspaces/assignment_ws/src/robotics_software_engineer/module_2_assignment/src/drive_mobile_robot_as2/install/drive_mobile_robot_as2/share/drive_mobile_robot_as2/hook/cmake_prefix_path.sh'
[4.953s] Level 1:colcon.colcon_core.environment:checking '/home/parallels/workspaces/assignment_ws/src/robotics_software_engineer/module_2_assignment/src/drive_mobile_robot_as2/install/drive_mobile_robot_as2/lib'
[4.953s] Level 1:colcon.colcon_core.environment:checking '/home/parallels/workspaces/assignment_ws/src/robotics_software_engineer/module_2_assignment/src/drive_mobile_robot_as2/install/drive_mobile_robot_as2/bin'
[4.953s] Level 1:colcon.colcon_core.environment:checking '/home/parallels/workspaces/assignment_ws/src/robotics_software_engineer/module_2_assignment/src/drive_mobile_robot_as2/install/drive_mobile_robot_as2/lib/pkgconfig/drive_mobile_robot_as2.pc'
[4.953s] Level 1:colcon.colcon_core.environment:checking '/home/parallels/workspaces/assignment_ws/src/robotics_software_engineer/module_2_assignment/src/drive_mobile_robot_as2/install/drive_mobile_robot_as2/lib/python3.10/site-packages'
[4.953s] Level 1:colcon.colcon_core.environment:checking '/home/parallels/workspaces/assignment_ws/src/robotics_software_engineer/module_2_assignment/src/drive_mobile_robot_as2/install/drive_mobile_robot_as2/bin'
[4.954s] INFO:colcon.colcon_core.shell:Creating package script '/home/parallels/workspaces/assignment_ws/src/robotics_software_engineer/module_2_assignment/src/drive_mobile_robot_as2/install/drive_mobile_robot_as2/share/drive_mobile_robot_as2/package.ps1'
[4.954s] INFO:colcon.colcon_core.shell:Creating package descriptor '/home/parallels/workspaces/assignment_ws/src/robotics_software_engineer/module_2_assignment/src/drive_mobile_robot_as2/install/drive_mobile_robot_as2/share/drive_mobile_robot_as2/package.dsv'
[4.954s] INFO:colcon.colcon_core.shell:Creating package script '/home/parallels/workspaces/assignment_ws/src/robotics_software_engineer/module_2_assignment/src/drive_mobile_robot_as2/install/drive_mobile_robot_as2/share/drive_mobile_robot_as2/package.sh'
[4.955s] INFO:colcon.colcon_core.shell:Creating package script '/home/parallels/workspaces/assignment_ws/src/robotics_software_engineer/module_2_assignment/src/drive_mobile_robot_as2/install/drive_mobile_robot_as2/share/drive_mobile_robot_as2/package.bash'
[4.955s] INFO:colcon.colcon_core.shell:Creating package script '/home/parallels/workspaces/assignment_ws/src/robotics_software_engineer/module_2_assignment/src/drive_mobile_robot_as2/install/drive_mobile_robot_as2/share/drive_mobile_robot_as2/package.zsh'
[4.955s] Level 1:colcon.colcon_core.environment:create_file_with_runtime_dependencies(/home/parallels/workspaces/assignment_ws/src/robotics_software_engineer/module_2_assignment/src/drive_mobile_robot_as2/install/drive_mobile_robot_as2/share/colcon-core/packages/drive_mobile_robot_as2)
[4.956s] DEBUG:colcon.colcon_parallel_executor.executor.parallel:closing loop
[4.957s] DEBUG:colcon.colcon_parallel_executor.executor.parallel:loop closed
[4.957s] DEBUG:colcon.colcon_parallel_executor.executor.parallel:run_until_complete finished with '0'
[4.957s] DEBUG:colcon.colcon_core.event_reactor:joining thread
[4.976s] INFO:colcon.colcon_core.plugin_system:Skipping extension 'colcon_notification.desktop_notification.terminal_notifier': Not used on non-Darwin systems
[4.976s] INFO:colcon.colcon_core.plugin_system:Skipping extension 'colcon_notification.desktop_notification.win32': Not used on non-Windows systems
[4.976s] INFO:colcon.colcon_notification.desktop_notification:Sending desktop notification using 'notify2'
[5.015s] DEBUG:colcon.colcon_core.event_reactor:joined thread
[5.016s] INFO:colcon.colcon_core.shell:Creating prefix script '/home/parallels/workspaces/assignment_ws/src/robotics_software_engineer/module_2_assignment/src/drive_mobile_robot_as2/install/local_setup.ps1'
[5.017s] INFO:colcon.colcon_core.shell:Creating prefix util module '/home/parallels/workspaces/assignment_ws/src/robotics_software_engineer/module_2_assignment/src/drive_mobile_robot_as2/install/_local_setup_util_ps1.py'
[5.017s] INFO:colcon.colcon_core.shell:Creating prefix chain script '/home/parallels/workspaces/assignment_ws/src/robotics_software_engineer/module_2_assignment/src/drive_mobile_robot_as2/install/setup.ps1'
[5.020s] INFO:colcon.colcon_core.shell:Creating prefix script '/home/parallels/workspaces/assignment_ws/src/robotics_software_engineer/module_2_assignment/src/drive_mobile_robot_as2/install/local_setup.sh'
[5.021s] INFO:colcon.colcon_core.shell:Creating prefix util module '/home/parallels/workspaces/assignment_ws/src/robotics_software_engineer/module_2_assignment/src/drive_mobile_robot_as2/install/_local_setup_util_sh.py'
[5.021s] INFO:colcon.colcon_core.shell:Creating prefix chain script '/home/parallels/workspaces/assignment_ws/src/robotics_software_engineer/module_2_assignment/src/drive_mobile_robot_as2/install/setup.sh'
[5.022s] INFO:colcon.colcon_core.shell:Creating prefix script '/home/parallels/workspaces/assignment_ws/src/robotics_software_engineer/module_2_assignment/src/drive_mobile_robot_as2/install/local_setup.bash'
[5.023s] INFO:colcon.colcon_core.shell:Creating prefix chain script '/home/parallels/workspaces/assignment_ws/src/robotics_software_engineer/module_2_assignment/src/drive_mobile_robot_as2/install/setup.bash'
[5.024s] INFO:colcon.colcon_core.shell:Creating prefix script '/home/parallels/workspaces/assignment_ws/src/robotics_software_engineer/module_2_assignment/src/drive_mobile_robot_as2/install/local_setup.zsh'
[5.024s] INFO:colcon.colcon_core.shell:Creating prefix chain script '/home/parallels/workspaces/assignment_ws/src/robotics_software_engineer/module_2_assignment/src/drive_mobile_robot_as2/install/setup.zsh'
