[0.007s] Invoking command in '/home/parallels/workspaces/assignment_ws/src/robotics_software_engineer/module_2_assignment/src/build/drive_mobile_robot_as2': CMAKE_PREFIX_PATH=${CMAKE_PREFIX_PATH}:/home/parallels/workspaces/mydemo_ws/install/turtlebot3_example:/opt/ros/humble /usr/bin/cmake --build /home/parallels/workspaces/assignment_ws/src/robotics_software_engineer/module_2_assignment/src/build/drive_mobile_robot_as2 -- -j2 -l2
[0.022s] -- Found ament_cmake: 1.3.10 (/opt/ros/humble/share/ament_cmake/cmake)
[0.090s] -- Found rclcpp: 16.0.10 (/opt/ros/humble/share/rclcpp/cmake)
[0.110s] -- Found rosidl_generator_c: 3.1.5 (/opt/ros/humble/share/rosidl_generator_c/cmake)
[0.111s] -- Found rosidl_adapter: 3.1.5 (/opt/ros/humble/share/rosidl_adapter/cmake)
[0.115s] -- Found rosidl_generator_cpp: 3.1.5 (/opt/ros/humble/share/rosidl_generator_cpp/cmake)
[0.121s] -- Using all available rosidl_typesupport_c: rosidl_typesupport_fastrtps_c;rosidl_typesupport_introspection_c
[0.130s] -- Using all available rosidl_typesupport_cpp: rosidl_typesupport_fastrtps_cpp;rosidl_typesupport_introspection_cpp
[0.151s] -- Found rmw_implementation_cmake: 6.1.2 (/opt/ros/humble/share/rmw_implementation_cmake/cmake)
[0.152s] -- Found rmw_fastrtps_cpp: 6.2.7 (/opt/ros/humble/share/rmw_fastrtps_cpp/cmake)
[0.229s] -- Using RMW implementation 'rmw_fastrtps_cpp' as default
[0.262s] -- Found geometry_msgs: 4.2.4 (/opt/ros/humble/share/geometry_msgs/cmake)
[0.271s] [31mCMake Error at CMakeLists.txt:17 (add_executable):
[0.271s]   The target name "src/log_spiral.cpp" is reserved or not valid for certain
[0.272s]   CMake features, such as generator expressions, and may result in undefined
[0.272s]   behavior.
[0.272s] 
[0.272s] [0m
[0.272s] [31mCMake Error at /opt/ros/humble/share/ament_cmake_target_dependencies/cmake/ament_target_dependencies.cmake:42 (message):
[0.272s]   ament_target_dependencies() the first argument must be a valid target name
[0.272s] Call Stack (most recent call first):
[0.272s]   CMakeLists.txt:18 (ament_target_dependencies)
[0.272s] 
[0.272s] [0m
[0.272s] -- Configuring incomplete, errors occurred!
[0.273s] See also "/home/parallels/workspaces/assignment_ws/src/robotics_software_engineer/module_2_assignment/src/build/drive_mobile_robot_as2/CMakeFiles/CMakeOutput.log".
[0.276s] gmake: *** [Makefile:267: cmake_check_build_system] Error 1
[0.278s] Invoked command in '/home/parallels/workspaces/assignment_ws/src/robotics_software_engineer/module_2_assignment/src/build/drive_mobile_robot_as2' returned '2': CMAKE_PREFIX_PATH=${CMAKE_PREFIX_PATH}:/home/parallels/workspaces/mydemo_ws/install/turtlebot3_example:/opt/ros/humble /usr/bin/cmake --build /home/parallels/workspaces/assignment_ws/src/robotics_software_engineer/module_2_assignment/src/build/drive_mobile_robot_as2 -- -j2 -l2
