[0.005s] Invoking command in '/home/parallels/workspaces/assignment_ws/src/robotics_software_engineer/module_2_assignment/src/build/drive_mobile_robot_as2': CMAKE_PREFIX_PATH=${CMAKE_PREFIX_PATH}:/home/parallels/workspaces/mydemo_ws/install/turtlebot3_example:/opt/ros/humble /usr/bin/cmake /home/parallels/workspaces/assignment_ws/src/robotics_software_engineer/module_2_assignment/src/drive_mobile_robot_as2 -DCMAKE_INSTALL_PREFIX=/home/parallels/workspaces/assignment_ws/src/robotics_software_engineer/module_2_assignment/src/install/drive_mobile_robot_as2
[0.043s] -- The C compiler identification is GNU 11.4.0
[0.075s] -- The CXX compiler identification is GNU 11.4.0
[0.079s] -- Detecting C compiler ABI info
[0.140s] -- Detecting C compiler ABI info - done
[0.141s] -- Check for working C compiler: /usr/bin/cc - skipped
[0.141s] -- Detecting C compile features
[0.141s] -- Detecting C compile features - done
[0.143s] -- Detecting CXX compiler ABI info
[0.187s] -- Detecting CXX compiler ABI info - done
[0.189s] -- Check for working CXX compiler: /usr/bin/c++ - skipped
[0.189s] -- Detecting CXX compile features
[0.190s] -- Detecting CXX compile features - done
[0.191s] -- Found ament_cmake: 1.3.10 (/opt/ros/humble/share/ament_cmake/cmake)
[0.270s] -- Found Python3: /usr/bin/python3 (found version "3.10.12") found components: Interpreter 
[0.320s] -- Found ament_lint_auto: 0.12.11 (/opt/ros/humble/share/ament_lint_auto/cmake)
[0.373s] -- Added test 'cppcheck' to perform static code analysis on C / C++ code
[0.373s] -- Configured cppcheck include dirs: 
[0.373s] -- Configured cppcheck exclude dirs and/or files: 
[0.373s] -- Added test 'flake8' to check Python code syntax and style conventions
[0.374s] -- Added test 'lint_cmake' to check CMake code style
[0.374s] -- Added test 'pep257' to check Python code against some of the docstring style conventions in PEP 257
[0.378s] -- Added test 'uncrustify' to check C / C++ code style
[0.378s] -- Configured uncrustify additional arguments: 
[0.378s] -- Added test 'xmllint' to check XML markup files
[0.380s] -- Configuring done
[0.381s] -- Generating done
[0.382s] -- Build files have been written to: /home/parallels/workspaces/assignment_ws/src/robotics_software_engineer/module_2_assignment/src/build/drive_mobile_robot_as2
[0.389s] Invoked command in '/home/parallels/workspaces/assignment_ws/src/robotics_software_engineer/module_2_assignment/src/build/drive_mobile_robot_as2' returned '0': CMAKE_PREFIX_PATH=${CMAKE_PREFIX_PATH}:/home/parallels/workspaces/mydemo_ws/install/turtlebot3_example:/opt/ros/humble /usr/bin/cmake /home/parallels/workspaces/assignment_ws/src/robotics_software_engineer/module_2_assignment/src/drive_mobile_robot_as2 -DCMAKE_INSTALL_PREFIX=/home/parallels/workspaces/assignment_ws/src/robotics_software_engineer/module_2_assignment/src/install/drive_mobile_robot_as2
[0.390s] Invoking command in '/home/parallels/workspaces/assignment_ws/src/robotics_software_engineer/module_2_assignment/src/build/drive_mobile_robot_as2': CMAKE_PREFIX_PATH=${CMAKE_PREFIX_PATH}:/home/parallels/workspaces/mydemo_ws/install/turtlebot3_example:/opt/ros/humble /usr/bin/cmake --build /home/parallels/workspaces/assignment_ws/src/robotics_software_engineer/module_2_assignment/src/build/drive_mobile_robot_as2 -- -j2 -l2
[0.407s] Invoked command in '/home/parallels/workspaces/assignment_ws/src/robotics_software_engineer/module_2_assignment/src/build/drive_mobile_robot_as2' returned '0': CMAKE_PREFIX_PATH=${CMAKE_PREFIX_PATH}:/home/parallels/workspaces/mydemo_ws/install/turtlebot3_example:/opt/ros/humble /usr/bin/cmake --build /home/parallels/workspaces/assignment_ws/src/robotics_software_engineer/module_2_assignment/src/build/drive_mobile_robot_as2 -- -j2 -l2
[0.426s] Invoking command in '/home/parallels/workspaces/assignment_ws/src/robotics_software_engineer/module_2_assignment/src/build/drive_mobile_robot_as2': CMAKE_PREFIX_PATH=${CMAKE_PREFIX_PATH}:/home/parallels/workspaces/mydemo_ws/install/turtlebot3_example:/opt/ros/humble /usr/bin/cmake --install /home/parallels/workspaces/assignment_ws/src/robotics_software_engineer/module_2_assignment/src/build/drive_mobile_robot_as2
[0.429s] -- Install configuration: ""
[0.430s] -- Installing: /home/parallels/workspaces/assignment_ws/src/robotics_software_engineer/module_2_assignment/src/install/drive_mobile_robot_as2/share/ament_index/resource_index/package_run_dependencies/drive_mobile_robot_as2
[0.431s] -- Installing: /home/parallels/workspaces/assignment_ws/src/robotics_software_engineer/module_2_assignment/src/install/drive_mobile_robot_as2/share/ament_index/resource_index/parent_prefix_path/drive_mobile_robot_as2
[0.432s] -- Installing: /home/parallels/workspaces/assignment_ws/src/robotics_software_engineer/module_2_assignment/src/install/drive_mobile_robot_as2/share/drive_mobile_robot_as2/environment/ament_prefix_path.sh
[0.433s] -- Installing: /home/parallels/workspaces/assignment_ws/src/robotics_software_engineer/module_2_assignment/src/install/drive_mobile_robot_as2/share/drive_mobile_robot_as2/environment/ament_prefix_path.dsv
[0.434s] -- Installing: /home/parallels/workspaces/assignment_ws/src/robotics_software_engineer/module_2_assignment/src/install/drive_mobile_robot_as2/share/drive_mobile_robot_as2/environment/path.sh
[0.434s] -- Installing: /home/parallels/workspaces/assignment_ws/src/robotics_software_engineer/module_2_assignment/src/install/drive_mobile_robot_as2/share/drive_mobile_robot_as2/environment/path.dsv
[0.434s] -- Installing: /home/parallels/workspaces/assignment_ws/src/robotics_software_engineer/module_2_assignment/src/install/drive_mobile_robot_as2/share/drive_mobile_robot_as2/local_setup.bash
[0.434s] -- Installing: /home/parallels/workspaces/assignment_ws/src/robotics_software_engineer/module_2_assignment/src/install/drive_mobile_robot_as2/share/drive_mobile_robot_as2/local_setup.sh
[0.434s] -- Installing: /home/parallels/workspaces/assignment_ws/src/robotics_software_engineer/module_2_assignment/src/install/drive_mobile_robot_as2/share/drive_mobile_robot_as2/local_setup.zsh
[0.435s] -- Installing: /home/parallels/workspaces/assignment_ws/src/robotics_software_engineer/module_2_assignment/src/install/drive_mobile_robot_as2/share/drive_mobile_robot_as2/local_setup.dsv
[0.435s] -- Installing: /home/parallels/workspaces/assignment_ws/src/robotics_software_engineer/module_2_assignment/src/install/drive_mobile_robot_as2/share/drive_mobile_robot_as2/package.dsv
[0.435s] -- Installing: /home/parallels/workspaces/assignment_ws/src/robotics_software_engineer/module_2_assignment/src/install/drive_mobile_robot_as2/share/ament_index/resource_index/packages/drive_mobile_robot_as2
[0.435s] -- Installing: /home/parallels/workspaces/assignment_ws/src/robotics_software_engineer/module_2_assignment/src/install/drive_mobile_robot_as2/share/drive_mobile_robot_as2/cmake/drive_mobile_robot_as2Config.cmake
[0.435s] -- Installing: /home/parallels/workspaces/assignment_ws/src/robotics_software_engineer/module_2_assignment/src/install/drive_mobile_robot_as2/share/drive_mobile_robot_as2/cmake/drive_mobile_robot_as2Config-version.cmake
[0.435s] -- Installing: /home/parallels/workspaces/assignment_ws/src/robotics_software_engineer/module_2_assignment/src/install/drive_mobile_robot_as2/share/drive_mobile_robot_as2/package.xml
[0.440s] Invoked command in '/home/parallels/workspaces/assignment_ws/src/robotics_software_engineer/module_2_assignment/src/build/drive_mobile_robot_as2' returned '0': CMAKE_PREFIX_PATH=${CMAKE_PREFIX_PATH}:/home/parallels/workspaces/mydemo_ws/install/turtlebot3_example:/opt/ros/humble /usr/bin/cmake --install /home/parallels/workspaces/assignment_ws/src/robotics_software_engineer/module_2_assignment/src/build/drive_mobile_robot_as2
