-- Found ament_cmake: 1.3.10 (/opt/ros/humble/share/ament_cmake/cmake)
-- Found rclcpp: 16.0.10 (/opt/ros/humble/share/rclcpp/cmake)
-- Found rosidl_generator_c: 3.1.5 (/opt/ros/humble/share/rosidl_generator_c/cmake)
-- Found rosidl_adapter: 3.1.5 (/opt/ros/humble/share/rosidl_adapter/cmake)
-- Found rosidl_generator_cpp: 3.1.5 (/opt/ros/humble/share/rosidl_generator_cpp/cmake)
-- Using all available rosidl_typesupport_c: rosidl_typesupport_fastrtps_c;rosidl_typesupport_introspection_c
-- Using all available rosidl_typesupport_cpp: rosidl_typesupport_fastrtps_cpp;rosidl_typesupport_introspection_cpp
-- Found rmw_implementation_cmake: 6.1.2 (/opt/ros/humble/share/rmw_implementation_cmake/cmake)
-- Found rmw_fastrtps_cpp: 6.2.7 (/opt/ros/humble/share/rmw_fastrtps_cpp/cmake)
-- Using RMW implementation 'rmw_fastrtps_cpp' as default
-- Found geometry_msgs: 4.2.4 (/opt/ros/humble/share/geometry_msgs/cmake)
-- Found ament_lint_auto: 0.12.11 (/opt/ros/humble/share/ament_lint_auto/cmake)
-- Added test 'cppcheck' to perform static code analysis on C / C++ code
-- Configured cppcheck include dirs: 
-- Configured cppcheck exclude dirs and/or files: 
-- Added test 'flake8' to check Python code syntax and style conventions
-- Added test 'lint_cmake' to check CMake code style
-- Added test 'pep257' to check Python code against some of the docstring style conventions in PEP 257
-- Added test 'uncrustify' to check C / C++ code style
-- Configured uncrustify additional arguments: 
-- Added test 'xmllint' to check XML markup files
-- Configuring done
-- Generating done
-- Build files have been written to: /home/parallels/workspaces/assignment_ws/src/robotics_software_engineer/module_2_assignment/src/build/drive_mobile_robot_as2
[35m[1mConsolidate compiler generated dependencies of target follow_circle[0m
[35m[1mConsolidate compiler generated dependencies of target logarithmic_spiral[0m
[ 20%] Built target logarithmic_spiral
[35m[1mConsolidate compiler generated dependencies of target spawn_five_turtle[0m
[ 40%] Built target follow_circle
[35m[1mConsolidate compiler generated dependencies of target rotate[0m
[ 60%] Built target spawn_five_turtle
[35m[1mConsolidate compiler generated dependencies of target speed_turtle[0m
[ 70%] [32mBuilding CXX object CMakeFiles/rotate.dir/src/rotate.cpp.o[0m
[ 80%] [32mBuilding CXX object CMakeFiles/speed_turtle.dir/src/speed_turtle.cpp.o[0m
[ 90%] [32m[1mLinking CXX executable speed_turtle[0m
[ 90%] Built target speed_turtle
