[0.005s] Invoking command in '/home/parallels/workspaces/assignment_ws/src/robotics_software_engineer/module_2_assignment/build/module_2_assignment': CMAKE_PREFIX_PATH=${CMAKE_PREFIX_PATH}:/opt/ros/humble /usr/bin/cmake --build /home/parallels/workspaces/assignment_ws/src/robotics_software_engineer/module_2_assignment/build/module_2_assignment -- -j2 -l2
[0.033s] [ 20%] Built target follow_circle
[0.036s] [ 40%] Built target logarithmic_spiral
[0.046s] [ 60%] Built target spawn_five_turtle
[0.048s] [ 80%] Built target rotate
[0.060s] [100%] Built target speed_turtle
[0.067s] Invoked command in '/home/parallels/workspaces/assignment_ws/src/robotics_software_engineer/module_2_assignment/build/module_2_assignment' returned '0': CMAKE_PREFIX_PATH=${CMAKE_PREFIX_PATH}:/opt/ros/humble /usr/bin/cmake --build /home/parallels/workspaces/assignment_ws/src/robotics_software_engineer/module_2_assignment/build/module_2_assignment -- -j2 -l2
[0.085s] Invoking command in '/home/parallels/workspaces/assignment_ws/src/robotics_software_engineer/module_2_assignment/build/module_2_assignment': CMAKE_PREFIX_PATH=${CMAKE_PREFIX_PATH}:/opt/ros/humble /usr/bin/cmake --install /home/parallels/workspaces/assignment_ws/src/robotics_software_engineer/module_2_assignment/build/module_2_assignment
[0.088s] -- Install configuration: ""
[0.089s] -- Up-to-date: /home/parallels/workspaces/assignment_ws/src/robotics_software_engineer/module_2_assignment/install/module_2_assignment/lib/module_2_assignment/follow_circle
[0.091s] -- Up-to-date: /home/parallels/workspaces/assignment_ws/src/robotics_software_engineer/module_2_assignment/install/module_2_assignment/lib/module_2_assignment/logarithmic_spiral
[0.091s] -- Up-to-date: /home/parallels/workspaces/assignment_ws/src/robotics_software_engineer/module_2_assignment/install/module_2_assignment/lib/module_2_assignment/spawn_five_turtle
[0.091s] -- Up-to-date: /home/parallels/workspaces/assignment_ws/src/robotics_software_engineer/module_2_assignment/install/module_2_assignment/lib/module_2_assignment/rotate
[0.091s] -- Up-to-date: /home/parallels/workspaces/assignment_ws/src/robotics_software_engineer/module_2_assignment/install/module_2_assignment/lib/module_2_assignment/speed_turtle
[0.092s] -- Up-to-date: /home/parallels/workspaces/assignment_ws/src/robotics_software_engineer/module_2_assignment/install/module_2_assignment/share/module_2_assignment/launch
[0.092s] -- Up-to-date: /home/parallels/workspaces/assignment_ws/src/robotics_software_engineer/module_2_assignment/install/module_2_assignment/share/module_2_assignment/launch/follow_circle.launch.py
[0.092s] -- Up-to-date: /home/parallels/workspaces/assignment_ws/src/robotics_software_engineer/module_2_assignment/install/module_2_assignment/share/module_2_assignment/launch/diagonal_speed.launch.py
[0.092s] -- Up-to-date: /home/parallels/workspaces/assignment_ws/src/robotics_software_engineer/module_2_assignment/install/module_2_assignment/share/module_2_assignment/launch/logarithmic_spiral.launch.py
[0.093s] -- Up-to-date: /home/parallels/workspaces/assignment_ws/src/robotics_software_engineer/module_2_assignment/install/module_2_assignment/share/module_2_assignment/launch/spawn_diagonal.launch.py
[0.093s] -- Up-to-date: /home/parallels/workspaces/assignment_ws/src/robotics_software_engineer/module_2_assignment/install/module_2_assignment/share/ament_index/resource_index/package_run_dependencies/module_2_assignment
[0.093s] -- Up-to-date: /home/parallels/workspaces/assignment_ws/src/robotics_software_engineer/module_2_assignment/install/module_2_assignment/share/ament_index/resource_index/parent_prefix_path/module_2_assignment
[0.093s] -- Up-to-date: /home/parallels/workspaces/assignment_ws/src/robotics_software_engineer/module_2_assignment/install/module_2_assignment/share/module_2_assignment/environment/ament_prefix_path.sh
[0.093s] -- Up-to-date: /home/parallels/workspaces/assignment_ws/src/robotics_software_engineer/module_2_assignment/install/module_2_assignment/share/module_2_assignment/environment/ament_prefix_path.dsv
[0.093s] -- Up-to-date: /home/parallels/workspaces/assignment_ws/src/robotics_software_engineer/module_2_assignment/install/module_2_assignment/share/module_2_assignment/environment/path.sh
[0.093s] -- Up-to-date: /home/parallels/workspaces/assignment_ws/src/robotics_software_engineer/module_2_assignment/install/module_2_assignment/share/module_2_assignment/environment/path.dsv
[0.093s] -- Up-to-date: /home/parallels/workspaces/assignment_ws/src/robotics_software_engineer/module_2_assignment/install/module_2_assignment/share/module_2_assignment/local_setup.bash
[0.093s] -- Up-to-date: /home/parallels/workspaces/assignment_ws/src/robotics_software_engineer/module_2_assignment/install/module_2_assignment/share/module_2_assignment/local_setup.sh
[0.093s] -- Up-to-date: /home/parallels/workspaces/assignment_ws/src/robotics_software_engineer/module_2_assignment/install/module_2_assignment/share/module_2_assignment/local_setup.zsh
[0.093s] -- Up-to-date: /home/parallels/workspaces/assignment_ws/src/robotics_software_engineer/module_2_assignment/install/module_2_assignment/share/module_2_assignment/local_setup.dsv
[0.093s] -- Installing: /home/parallels/workspaces/assignment_ws/src/robotics_software_engineer/module_2_assignment/install/module_2_assignment/share/module_2_assignment/package.dsv
[0.093s] -- Up-to-date: /home/parallels/workspaces/assignment_ws/src/robotics_software_engineer/module_2_assignment/install/module_2_assignment/share/ament_index/resource_index/packages/module_2_assignment
[0.093s] -- Up-to-date: /home/parallels/workspaces/assignment_ws/src/robotics_software_engineer/module_2_assignment/install/module_2_assignment/share/module_2_assignment/cmake/module_2_assignmentConfig.cmake
[0.093s] -- Up-to-date: /home/parallels/workspaces/assignment_ws/src/robotics_software_engineer/module_2_assignment/install/module_2_assignment/share/module_2_assignment/cmake/module_2_assignmentConfig-version.cmake
[0.093s] -- Up-to-date: /home/parallels/workspaces/assignment_ws/src/robotics_software_engineer/module_2_assignment/install/module_2_assignment/share/module_2_assignment/package.xml
[0.097s] Invoked command in '/home/parallels/workspaces/assignment_ws/src/robotics_software_engineer/module_2_assignment/build/module_2_assignment' returned '0': CMAKE_PREFIX_PATH=${CMAKE_PREFIX_PATH}:/opt/ros/humble /usr/bin/cmake --install /home/parallels/workspaces/assignment_ws/src/robotics_software_engineer/module_2_assignment/build/module_2_assignment
