[0.006s] Invoking command in '/home/parallels/workspaces/assignment_ws/src/robotics_software_engineer/module_2_assignment/src/build/drive_mobile_robot_as2': CMAKE_PREFIX_PATH=${CMAKE_PREFIX_PATH}:/home/parallels/workspaces/mydemo_ws/install/turtlebot3_example:/opt/ros/humble /usr/bin/cmake --build /home/parallels/workspaces/assignment_ws/src/robotics_software_engineer/module_2_assignment/src/build/drive_mobile_robot_as2 -- -j2 -l2
[0.030s] [35m[1mConsolidate compiler generated dependencies of target logarithmic_spiral[0m
[0.036s] [ 50%] Built target follow_circle
[0.048s] [ 75%] [32mBuilding CXX object CMakeFiles/logarithmic_spiral.dir/src/logarithmic_spiral.cpp.o[0m
[2.216s] [100%] [32m[1mLinking CXX executable logarithmic_spiral[0m
[2.321s] [100%] Built target logarithmic_spiral
[2.326s] Invoked command in '/home/parallels/workspaces/assignment_ws/src/robotics_software_engineer/module_2_assignment/src/build/drive_mobile_robot_as2' returned '0': CMAKE_PREFIX_PATH=${CMAKE_PREFIX_PATH}:/home/parallels/workspaces/mydemo_ws/install/turtlebot3_example:/opt/ros/humble /usr/bin/cmake --build /home/parallels/workspaces/assignment_ws/src/robotics_software_engineer/module_2_assignment/src/build/drive_mobile_robot_as2 -- -j2 -l2
[2.342s] Invoking command in '/home/parallels/workspaces/assignment_ws/src/robotics_software_engineer/module_2_assignment/src/build/drive_mobile_robot_as2': CMAKE_PREFIX_PATH=${CMAKE_PREFIX_PATH}:/home/parallels/workspaces/mydemo_ws/install/turtlebot3_example:/opt/ros/humble /usr/bin/cmake --install /home/parallels/workspaces/assignment_ws/src/robotics_software_engineer/module_2_assignment/src/build/drive_mobile_robot_as2
[2.345s] -- Install configuration: ""
[2.345s] -- Up-to-date: /home/parallels/workspaces/assignment_ws/src/robotics_software_engineer/module_2_assignment/src/install/drive_mobile_robot_as2/lib/drive_mobile_robot_as2/follow_circle
[2.345s] -- Installing: /home/parallels/workspaces/assignment_ws/src/robotics_software_engineer/module_2_assignment/src/install/drive_mobile_robot_as2/lib/drive_mobile_robot_as2/logarithmic_spiral
[2.346s] -- Set runtime path of "/home/parallels/workspaces/assignment_ws/src/robotics_software_engineer/module_2_assignment/src/install/drive_mobile_robot_as2/lib/drive_mobile_robot_as2/logarithmic_spiral" to ""
[2.346s] -- Up-to-date: /home/parallels/workspaces/assignment_ws/src/robotics_software_engineer/module_2_assignment/src/install/drive_mobile_robot_as2/share/drive_mobile_robot_as2/launch
[2.346s] -- Up-to-date: /home/parallels/workspaces/assignment_ws/src/robotics_software_engineer/module_2_assignment/src/install/drive_mobile_robot_as2/share/drive_mobile_robot_as2/launch/follow_circle.launch.py
[2.346s] -- Up-to-date: /home/parallels/workspaces/assignment_ws/src/robotics_software_engineer/module_2_assignment/src/install/drive_mobile_robot_as2/share/drive_mobile_robot_as2/launch/logarithmic_spiral.launch.py
[2.346s] -- Up-to-date: /home/parallels/workspaces/assignment_ws/src/robotics_software_engineer/module_2_assignment/src/install/drive_mobile_robot_as2/share/ament_index/resource_index/package_run_dependencies/drive_mobile_robot_as2
[2.346s] -- Up-to-date: /home/parallels/workspaces/assignment_ws/src/robotics_software_engineer/module_2_assignment/src/install/drive_mobile_robot_as2/share/ament_index/resource_index/parent_prefix_path/drive_mobile_robot_as2
[2.346s] -- Up-to-date: /home/parallels/workspaces/assignment_ws/src/robotics_software_engineer/module_2_assignment/src/install/drive_mobile_robot_as2/share/drive_mobile_robot_as2/environment/ament_prefix_path.sh
[2.346s] -- Up-to-date: /home/parallels/workspaces/assignment_ws/src/robotics_software_engineer/module_2_assignment/src/install/drive_mobile_robot_as2/share/drive_mobile_robot_as2/environment/ament_prefix_path.dsv
[2.346s] -- Up-to-date: /home/parallels/workspaces/assignment_ws/src/robotics_software_engineer/module_2_assignment/src/install/drive_mobile_robot_as2/share/drive_mobile_robot_as2/environment/path.sh
[2.347s] -- Up-to-date: /home/parallels/workspaces/assignment_ws/src/robotics_software_engineer/module_2_assignment/src/install/drive_mobile_robot_as2/share/drive_mobile_robot_as2/environment/path.dsv
[2.347s] -- Up-to-date: /home/parallels/workspaces/assignment_ws/src/robotics_software_engineer/module_2_assignment/src/install/drive_mobile_robot_as2/share/drive_mobile_robot_as2/local_setup.bash
[2.347s] -- Up-to-date: /home/parallels/workspaces/assignment_ws/src/robotics_software_engineer/module_2_assignment/src/install/drive_mobile_robot_as2/share/drive_mobile_robot_as2/local_setup.sh
[2.347s] -- Up-to-date: /home/parallels/workspaces/assignment_ws/src/robotics_software_engineer/module_2_assignment/src/install/drive_mobile_robot_as2/share/drive_mobile_robot_as2/local_setup.zsh
[2.347s] -- Up-to-date: /home/parallels/workspaces/assignment_ws/src/robotics_software_engineer/module_2_assignment/src/install/drive_mobile_robot_as2/share/drive_mobile_robot_as2/local_setup.dsv
[2.347s] -- Installing: /home/parallels/workspaces/assignment_ws/src/robotics_software_engineer/module_2_assignment/src/install/drive_mobile_robot_as2/share/drive_mobile_robot_as2/package.dsv
[2.347s] -- Up-to-date: /home/parallels/workspaces/assignment_ws/src/robotics_software_engineer/module_2_assignment/src/install/drive_mobile_robot_as2/share/ament_index/resource_index/packages/drive_mobile_robot_as2
[2.347s] -- Up-to-date: /home/parallels/workspaces/assignment_ws/src/robotics_software_engineer/module_2_assignment/src/install/drive_mobile_robot_as2/share/drive_mobile_robot_as2/cmake/drive_mobile_robot_as2Config.cmake
[2.347s] -- Up-to-date: /home/parallels/workspaces/assignment_ws/src/robotics_software_engineer/module_2_assignment/src/install/drive_mobile_robot_as2/share/drive_mobile_robot_as2/cmake/drive_mobile_robot_as2Config-version.cmake
[2.354s] -- Up-to-date: /home/parallels/workspaces/assignment_ws/src/robotics_software_engineer/module_2_assignment/src/install/drive_mobile_robot_as2/share/drive_mobile_robot_as2/package.xml
[2.357s] Invoked command in '/home/parallels/workspaces/assignment_ws/src/robotics_software_engineer/module_2_assignment/src/build/drive_mobile_robot_as2' returned '0': CMAKE_PREFIX_PATH=${CMAKE_PREFIX_PATH}:/home/parallels/workspaces/mydemo_ws/install/turtlebot3_example:/opt/ros/humble /usr/bin/cmake --install /home/parallels/workspaces/assignment_ws/src/robotics_software_engineer/module_2_assignment/src/build/drive_mobile_robot_as2
