[0.007s] Invoking command in '/home/parallels/workspaces/assignment_ws/src/robotics_software_engineer/module_2_assignment/src/drive_mobile_robot_as2/build/drive_mobile_robot_as2': CMAKE_PREFIX_PATH=${CMAKE_PREFIX_PATH}:/home/parallels/workspaces/mydemo_ws/install/turtlebot3_example:/opt/ros/humble /usr/bin/cmake --build /home/parallels/workspaces/assignment_ws/src/robotics_software_engineer/module_2_assignment/src/drive_mobile_robot_as2/build/drive_mobile_robot_as2 -- -j2 -l2
[0.036s] -- Found ament_cmake: 1.3.10 (/opt/ros/humble/share/ament_cmake/cmake)
[0.123s] -- Found rclcpp: 16.0.10 (/opt/ros/humble/share/rclcpp/cmake)
[0.161s] -- Found rosidl_generator_c: 3.1.5 (/opt/ros/humble/share/rosidl_generator_c/cmake)
[0.164s] -- Found rosidl_adapter: 3.1.5 (/opt/ros/humble/share/rosidl_adapter/cmake)
[0.170s] -- Found rosidl_generator_cpp: 3.1.5 (/opt/ros/humble/share/rosidl_generator_cpp/cmake)
[0.181s] -- Using all available rosidl_typesupport_c: rosidl_typesupport_fastrtps_c;rosidl_typesupport_introspection_c
[0.192s] -- Using all available rosidl_typesupport_cpp: rosidl_typesupport_fastrtps_cpp;rosidl_typesupport_introspection_cpp
[0.221s] -- Found rmw_implementation_cmake: 6.1.2 (/opt/ros/humble/share/rmw_implementation_cmake/cmake)
[0.223s] -- Found rmw_fastrtps_cpp: 6.2.7 (/opt/ros/humble/share/rmw_fastrtps_cpp/cmake)
[0.312s] -- Using RMW implementation 'rmw_fastrtps_cpp' as default
[0.359s] -- Found geometry_msgs: 4.2.4 (/opt/ros/humble/share/geometry_msgs/cmake)
[0.372s] -- Found ament_lint_auto: 0.12.11 (/opt/ros/humble/share/ament_lint_auto/cmake)
[0.422s] -- Added test 'cppcheck' to perform static code analysis on C / C++ code
[0.422s] -- Configured cppcheck include dirs: 
[0.423s] -- Configured cppcheck exclude dirs and/or files: 
[0.423s] -- Added test 'flake8' to check Python code syntax and style conventions
[0.425s] -- Added test 'lint_cmake' to check CMake code style
[0.426s] -- Added test 'pep257' to check Python code against some of the docstring style conventions in PEP 257
[0.433s] -- Added test 'uncrustify' to check C / C++ code style
[0.433s] -- Configured uncrustify additional arguments: 
[0.435s] -- Added test 'xmllint' to check XML markup files
[0.437s] -- Configuring done
[0.448s] -- Generating done
[0.449s] -- Build files have been written to: /home/parallels/workspaces/assignment_ws/src/robotics_software_engineer/module_2_assignment/src/drive_mobile_robot_as2/build/drive_mobile_robot_as2
[0.464s] [35m[1mConsolidate compiler generated dependencies of target follow_circle[0m
[0.466s] [35m[1mConsolidate compiler generated dependencies of target logarithmic_spiral[0m
[0.478s] [ 16%] [32mBuilding CXX object CMakeFiles/logarithmic_spiral.dir/src/logarithmic_spiral.cpp.o[0m
[0.483s] [ 33%] [32mBuilding CXX object CMakeFiles/follow_circle.dir/src/follow_circle.cpp.o[0m
[8.925s] [ 50%] [32m[1mLinking CXX executable logarithmic_spiral[0m
[9.151s] [ 50%] Built target logarithmic_spiral
[9.293s] [ 66%] [32m[1mLinking CXX executable follow_circle[0m
[9.420s] [ 66%] Built target follow_circle
[9.438s] [ 83%] [32mBuilding CXX object CMakeFiles/spawn_five_turtle.dir/src/spawn_five_turtle.cpp.o[0m
[11.816s] [100%] [32m[1mLinking CXX executable spawn_five_turtle[0m
[11.918s] [100%] Built target spawn_five_turtle
[11.926s] Invoked command in '/home/parallels/workspaces/assignment_ws/src/robotics_software_engineer/module_2_assignment/src/drive_mobile_robot_as2/build/drive_mobile_robot_as2' returned '0': CMAKE_PREFIX_PATH=${CMAKE_PREFIX_PATH}:/home/parallels/workspaces/mydemo_ws/install/turtlebot3_example:/opt/ros/humble /usr/bin/cmake --build /home/parallels/workspaces/assignment_ws/src/robotics_software_engineer/module_2_assignment/src/drive_mobile_robot_as2/build/drive_mobile_robot_as2 -- -j2 -l2
[11.945s] Invoking command in '/home/parallels/workspaces/assignment_ws/src/robotics_software_engineer/module_2_assignment/src/drive_mobile_robot_as2/build/drive_mobile_robot_as2': CMAKE_PREFIX_PATH=${CMAKE_PREFIX_PATH}:/home/parallels/workspaces/mydemo_ws/install/turtlebot3_example:/opt/ros/humble /usr/bin/cmake --install /home/parallels/workspaces/assignment_ws/src/robotics_software_engineer/module_2_assignment/src/drive_mobile_robot_as2/build/drive_mobile_robot_as2
[11.949s] -- Install configuration: ""
[11.950s] -- Installing: /home/parallels/workspaces/assignment_ws/src/robotics_software_engineer/module_2_assignment/src/drive_mobile_robot_as2/install/drive_mobile_robot_as2/lib/drive_mobile_robot_as2/follow_circle
[11.952s] -- Set runtime path of "/home/parallels/workspaces/assignment_ws/src/robotics_software_engineer/module_2_assignment/src/drive_mobile_robot_as2/install/drive_mobile_robot_as2/lib/drive_mobile_robot_as2/follow_circle" to ""
[11.952s] -- Installing: /home/parallels/workspaces/assignment_ws/src/robotics_software_engineer/module_2_assignment/src/drive_mobile_robot_as2/install/drive_mobile_robot_as2/lib/drive_mobile_robot_as2/logarithmic_spiral
[11.953s] -- Set runtime path of "/home/parallels/workspaces/assignment_ws/src/robotics_software_engineer/module_2_assignment/src/drive_mobile_robot_as2/install/drive_mobile_robot_as2/lib/drive_mobile_robot_as2/logarithmic_spiral" to ""
[11.953s] -- Installing: /home/parallels/workspaces/assignment_ws/src/robotics_software_engineer/module_2_assignment/src/drive_mobile_robot_as2/install/drive_mobile_robot_as2/lib/drive_mobile_robot_as2/spawn_five_turtle
[11.954s] -- Set runtime path of "/home/parallels/workspaces/assignment_ws/src/robotics_software_engineer/module_2_assignment/src/drive_mobile_robot_as2/install/drive_mobile_robot_as2/lib/drive_mobile_robot_as2/spawn_five_turtle" to ""
[11.954s] -- Up-to-date: /home/parallels/workspaces/assignment_ws/src/robotics_software_engineer/module_2_assignment/src/drive_mobile_robot_as2/install/drive_mobile_robot_as2/share/drive_mobile_robot_as2/launch
[11.954s] -- Installing: /home/parallels/workspaces/assignment_ws/src/robotics_software_engineer/module_2_assignment/src/drive_mobile_robot_as2/install/drive_mobile_robot_as2/share/drive_mobile_robot_as2/launch/follow_circle.launch.py
[11.955s] -- Installing: /home/parallels/workspaces/assignment_ws/src/robotics_software_engineer/module_2_assignment/src/drive_mobile_robot_as2/install/drive_mobile_robot_as2/share/drive_mobile_robot_as2/launch/logarithmic_spiral.launch.py
[11.955s] -- Installing: /home/parallels/workspaces/assignment_ws/src/robotics_software_engineer/module_2_assignment/src/drive_mobile_robot_as2/install/drive_mobile_robot_as2/share/drive_mobile_robot_as2/launch/spawn_diagonal.launch.py
[11.955s] -- Up-to-date: /home/parallels/workspaces/assignment_ws/src/robotics_software_engineer/module_2_assignment/src/drive_mobile_robot_as2/install/drive_mobile_robot_as2/share/ament_index/resource_index/package_run_dependencies/drive_mobile_robot_as2
[11.955s] -- Up-to-date: /home/parallels/workspaces/assignment_ws/src/robotics_software_engineer/module_2_assignment/src/drive_mobile_robot_as2/install/drive_mobile_robot_as2/share/ament_index/resource_index/parent_prefix_path/drive_mobile_robot_as2
[11.956s] -- Up-to-date: /home/parallels/workspaces/assignment_ws/src/robotics_software_engineer/module_2_assignment/src/drive_mobile_robot_as2/install/drive_mobile_robot_as2/share/drive_mobile_robot_as2/environment/ament_prefix_path.sh
[11.956s] -- Installing: /home/parallels/workspaces/assignment_ws/src/robotics_software_engineer/module_2_assignment/src/drive_mobile_robot_as2/install/drive_mobile_robot_as2/share/drive_mobile_robot_as2/environment/ament_prefix_path.dsv
[11.956s] -- Up-to-date: /home/parallels/workspaces/assignment_ws/src/robotics_software_engineer/module_2_assignment/src/drive_mobile_robot_as2/install/drive_mobile_robot_as2/share/drive_mobile_robot_as2/environment/path.sh
[11.956s] -- Installing: /home/parallels/workspaces/assignment_ws/src/robotics_software_engineer/module_2_assignment/src/drive_mobile_robot_as2/install/drive_mobile_robot_as2/share/drive_mobile_robot_as2/environment/path.dsv
[11.956s] -- Up-to-date: /home/parallels/workspaces/assignment_ws/src/robotics_software_engineer/module_2_assignment/src/drive_mobile_robot_as2/install/drive_mobile_robot_as2/share/drive_mobile_robot_as2/local_setup.bash
[11.956s] -- Up-to-date: /home/parallels/workspaces/assignment_ws/src/robotics_software_engineer/module_2_assignment/src/drive_mobile_robot_as2/install/drive_mobile_robot_as2/share/drive_mobile_robot_as2/local_setup.sh
[11.956s] -- Up-to-date: /home/parallels/workspaces/assignment_ws/src/robotics_software_engineer/module_2_assignment/src/drive_mobile_robot_as2/install/drive_mobile_robot_as2/share/drive_mobile_robot_as2/local_setup.zsh
[11.957s] -- Installing: /home/parallels/workspaces/assignment_ws/src/robotics_software_engineer/module_2_assignment/src/drive_mobile_robot_as2/install/drive_mobile_robot_as2/share/drive_mobile_robot_as2/local_setup.dsv
[11.957s] -- Installing: /home/parallels/workspaces/assignment_ws/src/robotics_software_engineer/module_2_assignment/src/drive_mobile_robot_as2/install/drive_mobile_robot_as2/share/drive_mobile_robot_as2/package.dsv
[11.957s] -- Up-to-date: /home/parallels/workspaces/assignment_ws/src/robotics_software_engineer/module_2_assignment/src/drive_mobile_robot_as2/install/drive_mobile_robot_as2/share/ament_index/resource_index/packages/drive_mobile_robot_as2
[11.957s] -- Up-to-date: /home/parallels/workspaces/assignment_ws/src/robotics_software_engineer/module_2_assignment/src/drive_mobile_robot_as2/install/drive_mobile_robot_as2/share/drive_mobile_robot_as2/cmake/drive_mobile_robot_as2Config.cmake
[11.957s] -- Up-to-date: /home/parallels/workspaces/assignment_ws/src/robotics_software_engineer/module_2_assignment/src/drive_mobile_robot_as2/install/drive_mobile_robot_as2/share/drive_mobile_robot_as2/cmake/drive_mobile_robot_as2Config-version.cmake
[11.957s] -- Up-to-date: /home/parallels/workspaces/assignment_ws/src/robotics_software_engineer/module_2_assignment/src/drive_mobile_robot_as2/install/drive_mobile_robot_as2/share/drive_mobile_robot_as2/package.xml
[11.959s] Invoked command in '/home/parallels/workspaces/assignment_ws/src/robotics_software_engineer/module_2_assignment/src/drive_mobile_robot_as2/build/drive_mobile_robot_as2' returned '0': CMAKE_PREFIX_PATH=${CMAKE_PREFIX_PATH}:/home/parallels/workspaces/mydemo_ws/install/turtlebot3_example:/opt/ros/humble /usr/bin/cmake --install /home/parallels/workspaces/assignment_ws/src/robotics_software_engineer/module_2_assignment/src/drive_mobile_robot_as2/build/drive_mobile_robot_as2
