-- Found ament_cmake: 1.3.10 (/opt/ros/humble/share/ament_cmake/cmake)
-- Found rclcpp: 16.0.10 (/opt/ros/humble/share/rclcpp/cmake)
-- Found rosidl_generator_c: 3.1.5 (/opt/ros/humble/share/rosidl_generator_c/cmake)
-- Found rosidl_adapter: 3.1.5 (/opt/ros/humble/share/rosidl_adapter/cmake)
-- Found rosidl_generator_cpp: 3.1.5 (/opt/ros/humble/share/rosidl_generator_cpp/cmake)
-- Using all available rosidl_typesupport_c: rosidl_typesupport_fastrtps_c;rosidl_typesupport_introspection_c
-- Using all available rosidl_typesupport_cpp: rosidl_typesupport_fastrtps_cpp;rosidl_typesupport_introspection_cpp
-- Found rmw_implementation_cmake: 6.1.2 (/opt/ros/humble/share/rmw_implementation_cmake/cmake)
-- Found rmw_fastrtps_cpp: 6.2.7 (/opt/ros/humble/share/rmw_fastrtps_cpp/cmake)
-- Using RMW implementation 'rmw_fastrtps_cpp' as default
-- Found geometry_msgs: 4.2.4 (/opt/ros/humble/share/geometry_msgs/cmake)
-- Found ament_lint_auto: 0.12.11 (/opt/ros/humble/share/ament_lint_auto/cmake)
-- Added test 'cppcheck' to perform static code analysis on C / C++ code
-- Configured cppcheck include dirs: 
-- Configured cppcheck exclude dirs and/or files: 
-- Added test 'flake8' to check Python code syntax and style conventions
-- Added test 'lint_cmake' to check CMake code style
-- Added test 'pep257' to check Python code against some of the docstring style conventions in PEP 257
-- Added test 'uncrustify' to check C / C++ code style
-- Configured uncrustify additional arguments: 
-- Added test 'xmllint' to check XML markup files
-- Configuring done
-- Generating done
-- Build files have been written to: /home/parallels/workspaces/assignment_ws/src/robotics_software_engineer/module_2_assignment/build/module_2_assignment
[ 10%] [32mBuilding CXX object CMakeFiles/follow_circle.dir/src/follow_circle.cpp.o[0m
[ 20%] [32mBuilding CXX object CMakeFiles/logarithmic_spiral.dir/src/logarithmic_spiral.cpp.o[0m
[ 30%] [32m[1mLinking CXX executable follow_circle[0m
[ 40%] [32m[1mLinking CXX executable logarithmic_spiral[0m
[ 40%] Built target logarithmic_spiral
[ 50%] [32mBuilding CXX object CMakeFiles/spawn_five_turtle.dir/src/spawn_five_turtle.cpp.o[0m
[ 50%] Built target follow_circle
[ 60%] [32mBuilding CXX object CMakeFiles/rotate.dir/src/rotate.cpp.o[0m
[ 70%] [32m[1mLinking CXX executable spawn_five_turtle[0m
[ 80%] [32m[1mLinking CXX executable rotate[0m
[ 80%] Built target spawn_five_turtle
[ 90%] [32mBuilding CXX object CMakeFiles/speed_turtle.dir/src/speed_turtle.cpp.o[0m
[ 90%] Built target rotate
[100%] [32m[1mLinking CXX executable speed_turtle[0m
[100%] Built target speed_turtle
-- Install configuration: ""
-- Installing: /home/parallels/workspaces/assignment_ws/src/robotics_software_engineer/module_2_assignment/install/module_2_assignment/lib/module_2_assignment/follow_circle
-- Set runtime path of "/home/parallels/workspaces/assignment_ws/src/robotics_software_engineer/module_2_assignment/install/module_2_assignment/lib/module_2_assignment/follow_circle" to ""
-- Installing: /home/parallels/workspaces/assignment_ws/src/robotics_software_engineer/module_2_assignment/install/module_2_assignment/lib/module_2_assignment/logarithmic_spiral
-- Set runtime path of "/home/parallels/workspaces/assignment_ws/src/robotics_software_engineer/module_2_assignment/install/module_2_assignment/lib/module_2_assignment/logarithmic_spiral" to ""
-- Installing: /home/parallels/workspaces/assignment_ws/src/robotics_software_engineer/module_2_assignment/install/module_2_assignment/lib/module_2_assignment/spawn_five_turtle
-- Set runtime path of "/home/parallels/workspaces/assignment_ws/src/robotics_software_engineer/module_2_assignment/install/module_2_assignment/lib/module_2_assignment/spawn_five_turtle" to ""
-- Installing: /home/parallels/workspaces/assignment_ws/src/robotics_software_engineer/module_2_assignment/install/module_2_assignment/lib/module_2_assignment/rotate
-- Set runtime path of "/home/parallels/workspaces/assignment_ws/src/robotics_software_engineer/module_2_assignment/install/module_2_assignment/lib/module_2_assignment/rotate" to ""
-- Installing: /home/parallels/workspaces/assignment_ws/src/robotics_software_engineer/module_2_assignment/install/module_2_assignment/lib/module_2_assignment/speed_turtle
-- Set runtime path of "/home/parallels/workspaces/assignment_ws/src/robotics_software_engineer/module_2_assignment/install/module_2_assignment/lib/module_2_assignment/speed_turtle" to ""
-- Installing: /home/parallels/workspaces/assignment_ws/src/robotics_software_engineer/module_2_assignment/install/module_2_assignment/share/module_2_assignment/launch
-- Installing: /home/parallels/workspaces/assignment_ws/src/robotics_software_engineer/module_2_assignment/install/module_2_assignment/share/module_2_assignment/launch/follow_circle.launch.py
-- Installing: /home/parallels/workspaces/assignment_ws/src/robotics_software_engineer/module_2_assignment/install/module_2_assignment/share/module_2_assignment/launch/diagonal_speed.launch.py
-- Installing: /home/parallels/workspaces/assignment_ws/src/robotics_software_engineer/module_2_assignment/install/module_2_assignment/share/module_2_assignment/launch/logarithmic_spiral.launch.py
-- Installing: /home/parallels/workspaces/assignment_ws/src/robotics_software_engineer/module_2_assignment/install/module_2_assignment/share/module_2_assignment/launch/spawn_diagonal.launch.py
-- Up-to-date: /home/parallels/workspaces/assignment_ws/src/robotics_software_engineer/module_2_assignment/install/module_2_assignment/share/ament_index/resource_index/package_run_dependencies/module_2_assignment
-- Installing: /home/parallels/workspaces/assignment_ws/src/robotics_software_engineer/module_2_assignment/install/module_2_assignment/share/ament_index/resource_index/parent_prefix_path/module_2_assignment
-- Up-to-date: /home/parallels/workspaces/assignment_ws/src/robotics_software_engineer/module_2_assignment/install/module_2_assignment/share/module_2_assignment/environment/ament_prefix_path.sh
-- Installing: /home/parallels/workspaces/assignment_ws/src/robotics_software_engineer/module_2_assignment/install/module_2_assignment/share/module_2_assignment/environment/ament_prefix_path.dsv
-- Up-to-date: /home/parallels/workspaces/assignment_ws/src/robotics_software_engineer/module_2_assignment/install/module_2_assignment/share/module_2_assignment/environment/path.sh
-- Installing: /home/parallels/workspaces/assignment_ws/src/robotics_software_engineer/module_2_assignment/install/module_2_assignment/share/module_2_assignment/environment/path.dsv
-- Up-to-date: /home/parallels/workspaces/assignment_ws/src/robotics_software_engineer/module_2_assignment/install/module_2_assignment/share/module_2_assignment/local_setup.bash
-- Up-to-date: /home/parallels/workspaces/assignment_ws/src/robotics_software_engineer/module_2_assignment/install/module_2_assignment/share/module_2_assignment/local_setup.sh
-- Up-to-date: /home/parallels/workspaces/assignment_ws/src/robotics_software_engineer/module_2_assignment/install/module_2_assignment/share/module_2_assignment/local_setup.zsh
-- Installing: /home/parallels/workspaces/assignment_ws/src/robotics_software_engineer/module_2_assignment/install/module_2_assignment/share/module_2_assignment/local_setup.dsv
-- Installing: /home/parallels/workspaces/assignment_ws/src/robotics_software_engineer/module_2_assignment/install/module_2_assignment/share/module_2_assignment/package.dsv
-- Up-to-date: /home/parallels/workspaces/assignment_ws/src/robotics_software_engineer/module_2_assignment/install/module_2_assignment/share/ament_index/resource_index/packages/module_2_assignment
-- Up-to-date: /home/parallels/workspaces/assignment_ws/src/robotics_software_engineer/module_2_assignment/install/module_2_assignment/share/module_2_assignment/cmake/module_2_assignmentConfig.cmake
-- Up-to-date: /home/parallels/workspaces/assignment_ws/src/robotics_software_engineer/module_2_assignment/install/module_2_assignment/share/module_2_assignment/cmake/module_2_assignmentConfig-version.cmake
-- Up-to-date: /home/parallels/workspaces/assignment_ws/src/robotics_software_engineer/module_2_assignment/install/module_2_assignment/share/module_2_assignment/package.xml
