[0.006s] Invoking command in '/home/parallels/workspaces/assignment_ws/src/robotics_software_engineer/module_2_assignment/build/module_2_assignment': CMAKE_PREFIX_PATH=${CMAKE_PREFIX_PATH}:/home/parallels/workspaces/mydemo_ws/install/turtlebot3_example:/opt/ros/humble /usr/bin/cmake /home/parallels/workspaces/assignment_ws/src/robotics_software_engineer/module_2_assignment -DCMAKE_INSTALL_PREFIX=/home/parallels/workspaces/assignment_ws/src/robotics_software_engineer/module_2_assignment/install/module_2_assignment
[0.014s] -- Found ament_cmake: 1.3.10 (/opt/ros/humble/share/ament_cmake/cmake)
[0.086s] -- Found rclcpp: 16.0.10 (/opt/ros/humble/share/rclcpp/cmake)
[0.106s] -- Found rosidl_generator_c: 3.1.5 (/opt/ros/humble/share/rosidl_generator_c/cmake)
[0.111s] -- Found rosidl_adapter: 3.1.5 (/opt/ros/humble/share/rosidl_adapter/cmake)
[0.116s] -- Found rosidl_generator_cpp: 3.1.5 (/opt/ros/humble/share/rosidl_generator_cpp/cmake)
[0.123s] -- Using all available rosidl_typesupport_c: rosidl_typesupport_fastrtps_c;rosidl_typesupport_introspection_c
[0.133s] -- Using all available rosidl_typesupport_cpp: rosidl_typesupport_fastrtps_cpp;rosidl_typesupport_introspection_cpp
[0.154s] -- Found rmw_implementation_cmake: 6.1.2 (/opt/ros/humble/share/rmw_implementation_cmake/cmake)
[0.155s] -- Found rmw_fastrtps_cpp: 6.2.7 (/opt/ros/humble/share/rmw_fastrtps_cpp/cmake)
[0.232s] -- Using RMW implementation 'rmw_fastrtps_cpp' as default
[0.265s] -- Found geometry_msgs: 4.2.4 (/opt/ros/humble/share/geometry_msgs/cmake)
[0.274s] -- Found ament_lint_auto: 0.12.11 (/opt/ros/humble/share/ament_lint_auto/cmake)
[0.324s] -- Added test 'cppcheck' to perform static code analysis on C / C++ code
[0.324s] -- Configured cppcheck include dirs: 
[0.324s] -- Configured cppcheck exclude dirs and/or files: 
[0.325s] -- Added test 'flake8' to check Python code syntax and style conventions
[0.328s] -- Added test 'lint_cmake' to check CMake code style
[0.329s] -- Added test 'pep257' to check Python code against some of the docstring style conventions in PEP 257
[0.340s] -- Added test 'uncrustify' to check C / C++ code style
[0.340s] -- Configured uncrustify additional arguments: 
[0.341s] -- Added test 'xmllint' to check XML markup files
[0.342s] -- Configuring done
[0.343s] [31mCMake Error at CMakeLists.txt:17 (add_executable):
[0.344s]   Cannot find source file:
[0.344s] 
[0.344s]     src/follow_circle.cpp
[0.344s] 
[0.344s]   Tried extensions .c .C .c++ .cc .cpp .cxx .cu .mpp .m .M .mm .ixx .cppm .h
[0.344s]   .hh .h++ .hm .hpp .hxx .in .txx .f .F .for .f77 .f90 .f95 .f03 .hip .ispc
[0.344s] 
[0.344s] [0m
[0.344s] [31mCMake Error at CMakeLists.txt:17 (add_executable):
[0.344s]   No SOURCES given to target: ass2_turtle
[0.344s] 
[0.344s] [0m
[0.344s] [0mCMake Generate step failed.  Build files cannot be regenerated correctly.[0m
[0.348s] Invoked command in '/home/parallels/workspaces/assignment_ws/src/robotics_software_engineer/module_2_assignment/build/module_2_assignment' returned '1': CMAKE_PREFIX_PATH=${CMAKE_PREFIX_PATH}:/home/parallels/workspaces/mydemo_ws/install/turtlebot3_example:/opt/ros/humble /usr/bin/cmake /home/parallels/workspaces/assignment_ws/src/robotics_software_engineer/module_2_assignment -DCMAKE_INSTALL_PREFIX=/home/parallels/workspaces/assignment_ws/src/robotics_software_engineer/module_2_assignment/install/module_2_assignment
